start cypress-mochawesome-reporter 3.5.1
cwd: C:\Users\shoukatshah\AlMoosa
cypress.json: {"reporter":"cypress-mochawesome-reporter","reporterOptions":{"charts":true,"reportPageTitle":"custom-title","embeddedScreenshots":true,"inlineAssets":true,"saveAllAttempts":false,"debug":true,"reportDir":"C:\\Users\\shoukatshah\\AlMoosa\\cypress\\reports\\html"},"setupNodeEvents":"[Function setupNodeEvents]","projectRoot":"C:\\Users\\shoukatshah\\AlMoosa","projectName":"AlMoosa","repoRoot":"C:/Users/shoukatshah/AlMoosa","rawJson":{"reporter":"cypress-mochawesome-reporter","reporterOptions":{"charts":true,"reportPageTitle":"custom-title","embeddedScreenshots":true,"inlineAssets":true,"saveAllAttempts":false,"debug":true},"e2e":{"setupNodeEvents":"[Function setupNodeEvents]"},"setupNodeEvents":"[Function setupNodeEvents]","envFile":{},"projectRoot":"C:\\Users\\shoukatshah\\AlMoosa","projectName":"AlMoosa","repoRoot":"C:/Users/shoukatshah/AlMoosa"},"configFile":"cypress.config.js","morgan":false,"isTextTerminal":true,"socketId":"xom9uq2ngt","report":true,"animationDistanceThreshold":5,"arch":"x64","baseUrl":null,"blockHosts":null,"chromeWebSecurity":true,"clientCertificates":[],"defaultCommandTimeout":4000,"downloadsFolder":"C:\\Users\\shoukatshah\\AlMoosa\\cypress\\downloads","env":{},"execTimeout":60000,"experimentalCspAllowList":false,"experimentalFetchPolyfill":false,"experimentalInteractiveRunEvents":false,"experimentalRunAllSpecs":false,"experimentalMemoryManagement":false,"experimentalModifyObstructiveThirdPartyCode":false,"experimentalSkipDomainInjection":null,"experimentalOriginDependencies":false,"experimentalSourceRewriting":false,"experimentalSingleTabRunMode":false,"experimentalStudio":false,"experimentalWebKitSupport":false,"fileServerFolder":"C:\\Users\\shoukatshah\\AlMoosa","fixturesFolder":"C:\\Users\\shoukatshah\\AlMoosa\\cypress\\fixtures","excludeSpecPattern":"*.hot-update.js","includeShadowDom":false,"keystrokeDelay":0,"modifyObstructiveCode":true,"numTestsKeptInMemory":0,"platform":"win32","pageLoadTimeout":60000,"port":56511,"projectId":null,"redirectionLimit":20,"requestTimeout":5000,"resolvedNodePath":"C:\\Program Files\\nodejs\\node.exe","resolvedNodeVersion":"18.13.0","responseTimeout":30000,"retries":{"runMode":0,"openMode":0},"screenshotOnRunFailure":true,"screenshotsFolder":"C:\\Users\\shoukatshah\\AlMoosa\\cypress\\screenshots","slowTestThreshold":10000,"scrollBehavior":"top","supportFile":"C:\\Users\\shoukatshah\\AlMoosa\\cypress\\support\\e2e.js","supportFolder":"C:\\Users\\shoukatshah\\AlMoosa\\cypress\\support","taskTimeout":60000,"testIsolation":true,"trashAssetsBeforeRuns":true,"userAgent":null,"video":true,"videoCompression":32,"videosFolder":"C:\\Users\\shoukatshah\\AlMoosa\\cypress\\videos","videoUploadOnPasses":true,"viewportHeight":660,"viewportWidth":1000,"waitForAnimations":true,"watchForFileChanges":false,"specPattern":"cypress/e2e/**/*.cy.{js,jsx,ts,tsx}","additionalIgnorePattern":[],"autoOpen":false,"browsers":[{"name":"chrome","family":"chromium","channel":"stable","displayName":"Chrome","version":"115.0.5790.171","path":"C:\\Program Files\\Google\\Chrome\\Application\\chrome.exe","minSupportedVersion":64,"majorVersion":"115"},{"name":"firefox","family":"firefox","channel":"stable","displayName":"Firefox","version":"116.0.3","path":"C:\\Program Files\\Mozilla Firefox\\firefox.exe","minSupportedVersion":86,"majorVersion":"116"},{"name":"edge","family":"chromium","channel":"stable","displayName":"Edge","version":"115.0.1901.203","path":"C:\\Program Files (x86)\\Microsoft\\Edge\\Application\\msedge.exe","minSupportedVersion":79,"majorVersion":"115"},{"name":"electron","channel":"stable","family":"chromium","displayName":"Electron","version":"106.0.5249.51","path":"","majorVersion":106}],"clientRoute":"/__/","cypressBinaryRoot":"C:\\Users\\shoukatshah\\AppData\\Local\\Cypress\\Cache\\12.17.3\\Cypress\\resources\\app","devServerPublicPathRoute":"/__cypress/src","hosts":null,"isInteractive":true,"namespace":"__cypress","reporterRoute":"/__cypress/reporter","socketIoCookie":"__socket","socketIoRoute":"/__socket","version":"12.17.3","cypressEnv":"production","resolved":{"animationDistanceThreshold":{"value":5,"from":"default"},"arch":{"value":"x64","from":"default"},"baseUrl":{"value":null,"from":"default"},"blockHosts":{"value":null,"from":"default"},"chromeWebSecurity":{"value":true,"from":"default"},"clientCertificates":{"value":[],"from":"default"},"defaultCommandTimeout":{"value":4000,"from":"default"},"downloadsFolder":{"value":"cypress/downloads","from":"default"},"env":{},"execTimeout":{"value":60000,"from":"default"},"experimentalCspAllowList":{"value":false,"from":"default"},"experimentalFetchPolyfill":{"value":false,"from":"default"},"experimentalInteractiveRunEvents":{"value":false,"from":"default"},"experimentalRunAllSpecs":{"value":false,"from":"default"},"experimentalMemoryManagement":{"value":false,"from":"default"},"experimentalModifyObstructiveThirdPartyCode":{"value":false,"from":"default"},"experimentalSkipDomainInjection":{"value":null,"from":"default"},"experimentalOriginDependencies":{"value":false,"from":"default"},"experimentalSourceRewriting":{"value":false,"from":"default"},"experimentalSingleTabRunMode":{"value":false,"from":"default"},"experimentalStudio":{"value":false,"from":"default"},"experimentalWebKitSupport":{"value":false,"from":"default"},"fileServerFolder":{"value":"","from":"default"},"fixturesFolder":{"value":"cypress/fixtures","from":"default"},"excludeSpecPattern":{"value":"*.hot-update.js","from":"default"},"includeShadowDom":{"value":false,"from":"default"},"keystrokeDelay":{"value":0,"from":"default"},"modifyObstructiveCode":{"value":true,"from":"default"},"nodeVersion":{"from":"default"},"numTestsKeptInMemory":{"value":0,"from":"config"},"platform":{"value":"win32","from":"default"},"pageLoadTimeout":{"value":60000,"from":"default"},"port":{"value":null,"from":"default"},"projectId":{"value":null,"from":"default"},"redirectionLimit":{"value":20,"from":"default"},"reporter":{"value":"cypress-mochawesome-reporter","from":"config"},"reporterOptions":{"value":{"charts":true,"reportPageTitle":"custom-title","embeddedScreenshots":true,"inlineAssets":true,"saveAllAttempts":false,"debug":true},"from":"config"},"requestTimeout":{"value":5000,"from":"default"},"resolvedNodePath":{"value":null,"from":"default"},"resolvedNodeVersion":{"value":null,"from":"default"},"responseTimeout":{"value":30000,"from":"default"},"retries":{"value":{"runMode":0,"openMode":0},"from":"default"},"screenshotOnRunFailure":{"value":true,"from":"default"},"screenshotsFolder":{"value":"cypress/screenshots","from":"default"},"slowTestThreshold":{"value":10000,"from":"default"},"scrollBehavior":{"value":"top","from":"default"},"supportFile":{"value":"cypress/support/e2e.{js,jsx,ts,tsx}","from":"default"},"supportFolder":{"value":false,"from":"default"},"taskTimeout":{"value":60000,"from":"default"},"testIsolation":{"value":true,"from":"default"},"trashAssetsBeforeRuns":{"value":true,"from":"default"},"userAgent":{"value":null,"from":"default"},"video":{"value":true,"from":"default"},"videoCompression":{"value":32,"from":"default"},"videosFolder":{"value":"cypress/videos","from":"default"},"videoUploadOnPasses":{"value":true,"from":"default"},"viewportHeight":{"value":660,"from":"default"},"viewportWidth":{"value":1000,"from":"default"},"waitForAnimations":{"value":true,"from":"default"},"watchForFileChanges":{"value":false,"from":"config"},"specPattern":{"value":"cypress/e2e/**/*.cy.{js,jsx,ts,tsx}","from":"default"},"browsers":{"value":[{"name":"chrome","family":"chromium","channel":"stable","displayName":"Chrome","version":"115.0.5790.171","path":"C:\\Program Files\\Google\\Chrome\\Application\\chrome.exe","minSupportedVersion":64,"majorVersion":"115"},{"name":"firefox","family":"firefox","channel":"stable","displayName":"Firefox","version":"116.0.3","path":"C:\\Program Files\\Mozilla Firefox\\firefox.exe","minSupportedVersion":86,"majorVersion":"116"},{"name":"edge","family":"chromium","channel":"stable","displayName":"Edge","version":"115.0.1901.203","path":"C:\\Program Files (x86)\\Microsoft\\Edge\\Application\\msedge.exe","minSupportedVersion":79,"majorVersion":"115"},{"name":"electron","channel":"stable","family":"chromium","displayName":"Electron","version":"106.0.5249.51","path":"","majorVersion":106,"isHeadless":true,"isHeaded":false}],"from":"runtime"},"hosts":{"value":null,"from":"default"},"isInteractive":{"value":true,"from":"default"}},"testingType":"e2e","remote":{"origin":"http://localhost:56511","strategy":"file","fileServer":"http://localhost:56512","domainName":"localhost","props":null},"browser":null,"specs":[],"proxyUrl":"http://localhost:56511","browserUrl":"http://localhost:56511/__/","reporterUrl":"http://localhost:56511/__cypress/reporter","proxyServer":"http://localhost:56511","state":{}}
simple config: {"jsonDir":"C:\\Users\\shoukatshah\\AlMoosa\\cypress\\reports\\html\\.jsons","reporterOptions":{"charts":true,"reportPageTitle":"custom-title","embeddedScreenshots":true,"inlineAssets":true,"saveAllAttempts":false,"debug":true,"reportDir":"C:\\Users\\shoukatshah\\AlMoosa\\cypress\\reports\\html"},"screenshotsDir":"C:\\Users\\shoukatshah\\AlMoosa\\cypress\\screenshots","videosFolder":"C:\\Users\\shoukatshah\\AlMoosa\\cypress\\videos","outputDir":"C:\\Users\\shoukatshah\\AlMoosa\\cypress\\reports\\html"}
Remove output folder C:\Users\shoukatshah\AlMoosa\cypress\reports\html
Start generate report process
Read and merge jsons from "C:\Users\shoukatshah\AlMoosa\cypress\reports\html\.jsons"
Copy media folder from "C:\Users\shoukatshah\AlMoosa\cypress\videos" to "C:\Users\shoukatshah\AlMoosa\cypress\reports\html\videos"
report before enhance: {"stats":{"suites":3,"tests":9,"passes":9,"pending":0,"failures":0,"testsRegistered":9,"passPercent":100,"pendingPercent":0,"other":0,"hasOther":false,"skipped":0,"hasSkipped":false,"start":"2023-08-18T12:04:44.549Z","end":"2023-08-18T12:12:38.028Z","duration":473479},"results":[{"uuid":"fb845141-14c0-41da-8805-144cf15a8079","title":"","fullFile":"cypress\\e2e\\Login\\login_with_mrn.cy.js","file":"cypress\\e2e\\Login\\login_with_mrn.cy.js","beforeHooks":[],"afterHooks":[],"tests":[],"suites":[{"uuid":"72af1a0d-dfdc-4569-bed7-934ce7e2f77e","title":"Login through MRN","fullFile":"","file":"","beforeHooks":[],"afterHooks":[],"tests":[{"title":"Login with correct MRN and correct Password","fullTitle":"Login through MRN Login with correct MRN and correct Password","timedOut":null,"duration":56652,"state":"passed","speed":"slow","pass":true,"fail":false,"pending":false,"context":"{\n  \"title\": \"cypress-mochawesome-reporter-videos-passed\",\n  \"value\": \"cypress\\\\e2e\\\\Login\\\\login_with_mrn.cy.js\"\n}","code":"_login.default.LoginWithMRN();","err":{},"uuid":"1cff71e3-7c56-4c10-a7cd-234466128eda","parentUUID":"72af1a0d-dfdc-4569-bed7-934ce7e2f77e","isHook":false,"skipped":false},{"title":"Login with Incorrect MRN and correct Password","fullTitle":"Login through MRN Login with Incorrect MRN and correct Password","timedOut":null,"duration":16033,"state":"passed","speed":"slow","pass":true,"fail":false,"pending":false,"context":"{\n  \"title\": \"cypress-mochawesome-reporter-videos-passed\",\n  \"value\": \"cypress\\\\e2e\\\\Login\\\\login_with_mrn.cy.js\"\n}","code":"_login.default.LoginWithIncorrectMRN();","err":{},"uuid":"424c7ef5-c119-4740-a936-9f085719fb59","parentUUID":"72af1a0d-dfdc-4569-bed7-934ce7e2f77e","isHook":false,"skipped":false},{"title":"Login with correct MRN and incorrect Password","fullTitle":"Login through MRN Login with correct MRN and incorrect Password","timedOut":null,"duration":15862,"state":"passed","speed":"slow","pass":true,"fail":false,"pending":false,"context":"{\n  \"title\": \"cypress-mochawesome-reporter-videos-passed\",\n  \"value\": \"cypress\\\\e2e\\\\Login\\\\login_with_mrn.cy.js\"\n}","code":"_login.default.LoginWithIncorrectPassword();","err":{},"uuid":"19cb1cb8-c3b8-415e-ba72-f6313718be0e","parentUUID":"72af1a0d-dfdc-4569-bed7-934ce7e2f77e","isHook":false,"skipped":false},{"title":"Login with Incorrect MRN and Incorrect Password","fullTitle":"Login through MRN Login with Incorrect MRN and Incorrect Password","timedOut":null,"duration":15080,"state":"passed","speed":"slow","pass":true,"fail":false,"pending":false,"context":"{\n  \"title\": \"cypress-mochawesome-reporter-videos-passed\",\n  \"value\": \"cypress\\\\e2e\\\\Login\\\\login_with_mrn.cy.js\"\n}","code":"_login.default.LoginWithIncorrectPasswordAndMRN();","err":{},"uuid":"bf284e44-1b6d-4368-92d2-6caaff4b86fe","parentUUID":"72af1a0d-dfdc-4569-bed7-934ce7e2f77e","isHook":false,"skipped":false},{"title":"Check login Validations on MRN and Password for Input fields","fullTitle":"Login through MRN Check login Validations on MRN and Password for Input fields","timedOut":null,"duration":48260,"state":"passed","speed":"slow","pass":true,"fail":false,"pending":false,"context":"{\n  \"title\": \"cypress-mochawesome-reporter-videos-passed\",\n  \"value\": \"cypress\\\\e2e\\\\Login\\\\login_with_mrn.cy.js\"\n}","code":"_login.default.LoginWithInvalidPasswordAndMRN();","err":{},"uuid":"cb245fdc-65a6-4fea-a629-10e70b66992e","parentUUID":"72af1a0d-dfdc-4569-bed7-934ce7e2f77e","isHook":false,"skipped":false}],"suites":[],"passes":["1cff71e3-7c56-4c10-a7cd-234466128eda","424c7ef5-c119-4740-a936-9f085719fb59","19cb1cb8-c3b8-415e-ba72-f6313718be0e","bf284e44-1b6d-4368-92d2-6caaff4b86fe","cb245fdc-65a6-4fea-a629-10e70b66992e"],"failures":[],"pending":[],"skipped":[],"duration":151887,"root":false,"rootEmpty":false,"_timeout":2000}],"passes":[],"failures":[],"pending":[],"skipped":[],"duration":0,"root":true,"rootEmpty":true,"_timeout":2000},{"uuid":"bd113778-e990-4a78-bfce-b8be8c458ae8","title":"","fullFile":"cypress\\e2e\\Login\\login_with_saudi.cy.js","file":"cypress\\e2e\\Login\\login_with_saudi.cy.js","beforeHooks":[],"afterHooks":[],"tests":[],"suites":[{"uuid":"2037c741-a1a0-49f5-851d-97f26d3e7bb7","title":"Login through Saudi Id","fullFile":"","file":"","beforeHooks":[],"afterHooks":[],"tests":[{"title":"Login with correct Saudi Id","fullTitle":"Login through Saudi Id Login with correct Saudi Id","timedOut":null,"duration":58855,"state":"passed","speed":"slow","pass":true,"fail":false,"pending":false,"context":"{\n  \"title\": \"cypress-mochawesome-reporter-videos-passed\",\n  \"value\": \"cypress\\\\e2e\\\\Login\\\\login_with_saudi.cy.js\"\n}","code":"_login.default.loginWithSaudiId();\ncy.wait(10000);\ncy.url().then(url => {\n  cy.log('here is url:', url);\n  if (url.includes('terms-and-condition')) {\n    cy.get('.custom-control-label').click();\n    cy.contains('button', 'Continue').click();\n    cy.contains('With Our Specialist Today').should('be.visible');\n  } else {\n    cy.contains('With Our Specialist Today').should('be.visible');\n  }\n});","err":{},"uuid":"fdf62a41-bc9a-4703-a1b2-c730f9dd6587","parentUUID":"2037c741-a1a0-49f5-851d-97f26d3e7bb7","isHook":false,"skipped":false},{"title":"Login with incorrect Saudi Id","fullTitle":"Login through Saudi Id Login with incorrect Saudi Id","timedOut":null,"duration":47807,"state":"passed","speed":"slow","pass":true,"fail":false,"pending":false,"context":"{\n  \"title\": \"cypress-mochawesome-reporter-videos-passed\",\n  \"value\": \"cypress\\\\e2e\\\\Login\\\\login_with_saudi.cy.js\"\n}","code":"_login.default.loginWithIncorrectSaudiId();","err":{},"uuid":"0737fb56-45d0-4ebb-bb67-b0b24ef3114f","parentUUID":"2037c741-a1a0-49f5-851d-97f26d3e7bb7","isHook":false,"skipped":false}],"suites":[],"passes":["fdf62a41-bc9a-4703-a1b2-c730f9dd6587","0737fb56-45d0-4ebb-bb67-b0b24ef3114f"],"failures":[],"pending":[],"skipped":[],"duration":106662,"root":false,"rootEmpty":false,"_timeout":2000}],"passes":[],"failures":[],"pending":[],"skipped":[],"duration":0,"root":true,"rootEmpty":true,"_timeout":2000},{"uuid":"2bb9a5da-0eb3-4d1b-bd07-40943d2b3cf0","title":"","fullFile":"cypress\\e2e\\Login\\login_with_iqama.cy.js","file":"cypress\\e2e\\Login\\login_with_iqama.cy.js","beforeHooks":[],"afterHooks":[],"tests":[],"suites":[{"uuid":"9863bb2e-4af4-4ac5-be34-5cb582cd6a2e","title":"Login through Iqama Id","fullFile":"","file":"","beforeHooks":[],"afterHooks":[],"tests":[{"title":"Login with correct Iqama Id","fullTitle":"Login through Iqama Id Login with correct Iqama Id","timedOut":null,"duration":64103,"state":"passed","speed":"slow","pass":true,"fail":false,"pending":false,"context":"{\n  \"title\": \"cypress-mochawesome-reporter-videos-passed\",\n  \"value\": \"cypress\\\\e2e\\\\Login\\\\login_with_iqama.cy.js\"\n}","code":"_login.default.loginWithIqamaId();","err":{},"uuid":"a2497a62-c92d-4f18-8b02-80104f170d92","parentUUID":"9863bb2e-4af4-4ac5-be34-5cb582cd6a2e","isHook":false,"skipped":false},{"title":"Login with incorrect Iqama Id","fullTitle":"Login through Iqama Id Login with incorrect Iqama Id","timedOut":null,"duration":53773,"state":"passed","speed":"slow","pass":true,"fail":false,"pending":false,"context":"{\n  \"title\": \"cypress-mochawesome-reporter-videos-passed\",\n  \"value\": \"cypress\\\\e2e\\\\Login\\\\login_with_iqama.cy.js\"\n}","code":"_login.default.loginWithIncorrectIqamaId();","err":{},"uuid":"147634c1-cb17-4788-afe8-cc17f7f73536","parentUUID":"9863bb2e-4af4-4ac5-be34-5cb582cd6a2e","isHook":false,"skipped":false}],"suites":[],"passes":["a2497a62-c92d-4f18-8b02-80104f170d92","147634c1-cb17-4788-afe8-cc17f7f73536"],"failures":[],"pending":[],"skipped":[],"duration":117876,"root":false,"rootEmpty":false,"_timeout":2000}],"passes":[],"failures":[],"pending":[],"skipped":[],"duration":0,"root":true,"rootEmpty":true,"_timeout":2000}],"meta":{"mocha":{"version":"7.0.1"},"mochawesome":{"options":{"quiet":false,"reportFilename":"mochawesome","saveHtml":false,"saveJson":true,"consoleReporter":"spec","useInlineDiffs":false,"code":true},"version":"7.1.3"},"marge":{"options":{"charts":true,"reportPageTitle":"custom-title","embeddedScreenshots":true,"inlineAssets":true,"saveAllAttempts":false,"debug":true,"overwrite":false,"html":false,"json":true,"reportDir":"cypress\\reports\\html\\.jsons"},"version":"6.2.0"}}}
Enhance report
baseFolder: cypress\e2e\Login
attach media for test "Login through MRN Login with correct MRN and correct Password"
found context. type: string. value: {
  "title": "cypress-mochawesome-reporter-videos-passed",
  "value": "cypress\\e2e\\Login\\login_with_mrn.cy.js"
}
parsed context type: object. value: {"title":"cypress-mochawesome-reporter-videos-passed","value":"cypress\\e2e\\Login\\login_with_mrn.cy.js"}
parsed context is not an array, transform
transformed parsed context type: object. value: [{"title":"cypress-mochawesome-reporter-videos-passed","value":"cypress\\e2e\\Login\\login_with_mrn.cy.js"}]
screenshots index: -1
video index: 0
videos type: string. value: "cypress\\e2e\\Login\\login_with_mrn.cy.js"
final context: [
    {
        "title": "Spec video recording",
        "value": "videos/login_with_mrn.cy.js.mp4"
    }
]
attach media for test "Login through MRN Login with Incorrect MRN and correct Password"
found context. type: string. value: {
  "title": "cypress-mochawesome-reporter-videos-passed",
  "value": "cypress\\e2e\\Login\\login_with_mrn.cy.js"
}
parsed context type: object. value: {"title":"cypress-mochawesome-reporter-videos-passed","value":"cypress\\e2e\\Login\\login_with_mrn.cy.js"}
parsed context is not an array, transform
transformed parsed context type: object. value: [{"title":"cypress-mochawesome-reporter-videos-passed","value":"cypress\\e2e\\Login\\login_with_mrn.cy.js"}]
screenshots index: -1
video index: 0
videos type: string. value: "cypress\\e2e\\Login\\login_with_mrn.cy.js"
final context: [
    {
        "title": "Spec video recording",
        "value": "videos/login_with_mrn.cy.js.mp4"
    }
]
attach media for test "Login through MRN Login with correct MRN and incorrect Password"
found context. type: string. value: {
  "title": "cypress-mochawesome-reporter-videos-passed",
  "value": "cypress\\e2e\\Login\\login_with_mrn.cy.js"
}
parsed context type: object. value: {"title":"cypress-mochawesome-reporter-videos-passed","value":"cypress\\e2e\\Login\\login_with_mrn.cy.js"}
parsed context is not an array, transform
transformed parsed context type: object. value: [{"title":"cypress-mochawesome-reporter-videos-passed","value":"cypress\\e2e\\Login\\login_with_mrn.cy.js"}]
screenshots index: -1
video index: 0
videos type: string. value: "cypress\\e2e\\Login\\login_with_mrn.cy.js"
final context: [
    {
        "title": "Spec video recording",
        "value": "videos/login_with_mrn.cy.js.mp4"
    }
]
attach media for test "Login through MRN Login with Incorrect MRN and Incorrect Password"
found context. type: string. value: {
  "title": "cypress-mochawesome-reporter-videos-passed",
  "value": "cypress\\e2e\\Login\\login_with_mrn.cy.js"
}
parsed context type: object. value: {"title":"cypress-mochawesome-reporter-videos-passed","value":"cypress\\e2e\\Login\\login_with_mrn.cy.js"}
parsed context is not an array, transform
transformed parsed context type: object. value: [{"title":"cypress-mochawesome-reporter-videos-passed","value":"cypress\\e2e\\Login\\login_with_mrn.cy.js"}]
screenshots index: -1
video index: 0
videos type: string. value: "cypress\\e2e\\Login\\login_with_mrn.cy.js"
final context: [
    {
        "title": "Spec video recording",
        "value": "videos/login_with_mrn.cy.js.mp4"
    }
]
attach media for test "Login through MRN Check login Validations on MRN and Password for Input fields"
found context. type: string. value: {
  "title": "cypress-mochawesome-reporter-videos-passed",
  "value": "cypress\\e2e\\Login\\login_with_mrn.cy.js"
}
parsed context type: object. value: {"title":"cypress-mochawesome-reporter-videos-passed","value":"cypress\\e2e\\Login\\login_with_mrn.cy.js"}
parsed context is not an array, transform
transformed parsed context type: object. value: [{"title":"cypress-mochawesome-reporter-videos-passed","value":"cypress\\e2e\\Login\\login_with_mrn.cy.js"}]
screenshots index: -1
video index: 0
videos type: string. value: "cypress\\e2e\\Login\\login_with_mrn.cy.js"
final context: [
    {
        "title": "Spec video recording",
        "value": "videos/login_with_mrn.cy.js.mp4"
    }
]
attach media for test "Login through Saudi Id Login with correct Saudi Id"
found context. type: string. value: {
  "title": "cypress-mochawesome-reporter-videos-passed",
  "value": "cypress\\e2e\\Login\\login_with_saudi.cy.js"
}
parsed context type: object. value: {"title":"cypress-mochawesome-reporter-videos-passed","value":"cypress\\e2e\\Login\\login_with_saudi.cy.js"}
parsed context is not an array, transform
transformed parsed context type: object. value: [{"title":"cypress-mochawesome-reporter-videos-passed","value":"cypress\\e2e\\Login\\login_with_saudi.cy.js"}]
screenshots index: -1
video index: 0
videos type: string. value: "cypress\\e2e\\Login\\login_with_saudi.cy.js"
final context: [
    {
        "title": "Spec video recording",
        "value": "videos/login_with_saudi.cy.js.mp4"
    }
]
attach media for test "Login through Saudi Id Login with incorrect Saudi Id"
found context. type: string. value: {
  "title": "cypress-mochawesome-reporter-videos-passed",
  "value": "cypress\\e2e\\Login\\login_with_saudi.cy.js"
}
parsed context type: object. value: {"title":"cypress-mochawesome-reporter-videos-passed","value":"cypress\\e2e\\Login\\login_with_saudi.cy.js"}
parsed context is not an array, transform
transformed parsed context type: object. value: [{"title":"cypress-mochawesome-reporter-videos-passed","value":"cypress\\e2e\\Login\\login_with_saudi.cy.js"}]
screenshots index: -1
video index: 0
videos type: string. value: "cypress\\e2e\\Login\\login_with_saudi.cy.js"
final context: [
    {
        "title": "Spec video recording",
        "value": "videos/login_with_saudi.cy.js.mp4"
    }
]
attach media for test "Login through Iqama Id Login with correct Iqama Id"
found context. type: string. value: {
  "title": "cypress-mochawesome-reporter-videos-passed",
  "value": "cypress\\e2e\\Login\\login_with_iqama.cy.js"
}
parsed context type: object. value: {"title":"cypress-mochawesome-reporter-videos-passed","value":"cypress\\e2e\\Login\\login_with_iqama.cy.js"}
parsed context is not an array, transform
transformed parsed context type: object. value: [{"title":"cypress-mochawesome-reporter-videos-passed","value":"cypress\\e2e\\Login\\login_with_iqama.cy.js"}]
screenshots index: -1
video index: 0
videos type: string. value: "cypress\\e2e\\Login\\login_with_iqama.cy.js"
final context: [
    {
        "title": "Spec video recording",
        "value": "videos/login_with_iqama.cy.js.mp4"
    }
]
attach media for test "Login through Iqama Id Login with incorrect Iqama Id"
found context. type: string. value: {
  "title": "cypress-mochawesome-reporter-videos-passed",
  "value": "cypress\\e2e\\Login\\login_with_iqama.cy.js"
}
parsed context type: object. value: {"title":"cypress-mochawesome-reporter-videos-passed","value":"cypress\\e2e\\Login\\login_with_iqama.cy.js"}
parsed context is not an array, transform
transformed parsed context type: object. value: [{"title":"cypress-mochawesome-reporter-videos-passed","value":"cypress\\e2e\\Login\\login_with_iqama.cy.js"}]
screenshots index: -1
video index: 0
videos type: string. value: "cypress\\e2e\\Login\\login_with_iqama.cy.js"
final context: [
    {
        "title": "Spec video recording",
        "value": "videos/login_with_iqama.cy.js.mp4"
    }
]
report after enhance: {"stats":{"suites":3,"tests":9,"passes":9,"pending":0,"failures":0,"testsRegistered":9,"passPercent":100,"pendingPercent":0,"other":0,"hasOther":false,"skipped":0,"hasSkipped":false,"start":"2023-08-18T12:04:44.549Z","end":"2023-08-18T12:12:38.028Z","duration":473479},"results":[{"uuid":"fb845141-14c0-41da-8805-144cf15a8079","title":"","fullFile":"cypress\\e2e\\Login\\login_with_mrn.cy.js","file":"cypress\\e2e\\Login\\login_with_mrn.cy.js","beforeHooks":[],"afterHooks":[],"tests":[],"suites":[{"uuid":"72af1a0d-dfdc-4569-bed7-934ce7e2f77e","title":"Login through MRN","fullFile":"cypress\\e2e\\Login\\login_with_mrn.cy.js","file":"cypress\\e2e\\Login\\login_with_mrn.cy.js","beforeHooks":[],"afterHooks":[],"tests":[{"title":"Login with correct MRN and correct Password","fullTitle":"Login through MRN Login with correct MRN and correct Password","timedOut":null,"duration":56652,"state":"passed","speed":"slow","pass":true,"fail":false,"pending":false,"context":"[\n    {\n        \"title\": \"Spec video recording\",\n        \"value\": \"videos/login_with_mrn.cy.js.mp4\"\n    }\n]","code":"_login.default.LoginWithMRN();","err":{},"uuid":"1cff71e3-7c56-4c10-a7cd-234466128eda","parentUUID":"72af1a0d-dfdc-4569-bed7-934ce7e2f77e","isHook":false,"skipped":false},{"title":"Login with Incorrect MRN and correct Password","fullTitle":"Login through MRN Login with Incorrect MRN and correct Password","timedOut":null,"duration":16033,"state":"passed","speed":"slow","pass":true,"fail":false,"pending":false,"context":"[\n    {\n        \"title\": \"Spec video recording\",\n        \"value\": \"videos/login_with_mrn.cy.js.mp4\"\n    }\n]","code":"_login.default.LoginWithIncorrectMRN();","err":{},"uuid":"424c7ef5-c119-4740-a936-9f085719fb59","parentUUID":"72af1a0d-dfdc-4569-bed7-934ce7e2f77e","isHook":false,"skipped":false},{"title":"Login with correct MRN and incorrect Password","fullTitle":"Login through MRN Login with correct MRN and incorrect Password","timedOut":null,"duration":15862,"state":"passed","speed":"slow","pass":true,"fail":false,"pending":false,"context":"[\n    {\n        \"title\": \"Spec video recording\",\n        \"value\": \"videos/login_with_mrn.cy.js.mp4\"\n    }\n]","code":"_login.default.LoginWithIncorrectPassword();","err":{},"uuid":"19cb1cb8-c3b8-415e-ba72-f6313718be0e","parentUUID":"72af1a0d-dfdc-4569-bed7-934ce7e2f77e","isHook":false,"skipped":false},{"title":"Login with Incorrect MRN and Incorrect Password","fullTitle":"Login through MRN Login with Incorrect MRN and Incorrect Password","timedOut":null,"duration":15080,"state":"passed","speed":"slow","pass":true,"fail":false,"pending":false,"context":"[\n    {\n        \"title\": \"Spec video recording\",\n        \"value\": \"videos/login_with_mrn.cy.js.mp4\"\n    }\n]","code":"_login.default.LoginWithIncorrectPasswordAndMRN();","err":{},"uuid":"bf284e44-1b6d-4368-92d2-6caaff4b86fe","parentUUID":"72af1a0d-dfdc-4569-bed7-934ce7e2f77e","isHook":false,"skipped":false},{"title":"Check login Validations on MRN and Password for Input fields","fullTitle":"Login through MRN Check login Validations on MRN and Password for Input fields","timedOut":null,"duration":48260,"state":"passed","speed":"slow","pass":true,"fail":false,"pending":false,"context":"[\n    {\n        \"title\": \"Spec video recording\",\n        \"value\": \"videos/login_with_mrn.cy.js.mp4\"\n    }\n]","code":"_login.default.LoginWithInvalidPasswordAndMRN();","err":{},"uuid":"cb245fdc-65a6-4fea-a629-10e70b66992e","parentUUID":"72af1a0d-dfdc-4569-bed7-934ce7e2f77e","isHook":false,"skipped":false}],"suites":[],"passes":["1cff71e3-7c56-4c10-a7cd-234466128eda","424c7ef5-c119-4740-a936-9f085719fb59","19cb1cb8-c3b8-415e-ba72-f6313718be0e","bf284e44-1b6d-4368-92d2-6caaff4b86fe","cb245fdc-65a6-4fea-a629-10e70b66992e"],"failures":[],"pending":[],"skipped":[],"duration":151887,"root":false,"rootEmpty":false,"_timeout":2000}],"passes":[],"failures":[],"pending":[],"skipped":[],"duration":0,"root":true,"rootEmpty":true,"_timeout":2000},{"uuid":"bd113778-e990-4a78-bfce-b8be8c458ae8","title":"","fullFile":"cypress\\e2e\\Login\\login_with_saudi.cy.js","file":"cypress\\e2e\\Login\\login_with_saudi.cy.js","beforeHooks":[],"afterHooks":[],"tests":[],"suites":[{"uuid":"2037c741-a1a0-49f5-851d-97f26d3e7bb7","title":"Login through Saudi Id","fullFile":"cypress\\e2e\\Login\\login_with_saudi.cy.js","file":"cypress\\e2e\\Login\\login_with_saudi.cy.js","beforeHooks":[],"afterHooks":[],"tests":[{"title":"Login with correct Saudi Id","fullTitle":"Login through Saudi Id Login with correct Saudi Id","timedOut":null,"duration":58855,"state":"passed","speed":"slow","pass":true,"fail":false,"pending":false,"context":"[\n    {\n        \"title\": \"Spec video recording\",\n        \"value\": \"videos/login_with_saudi.cy.js.mp4\"\n    }\n]","code":"_login.default.loginWithSaudiId();\ncy.wait(10000);\ncy.url().then(url => {\n  cy.log('here is url:', url);\n  if (url.includes('terms-and-condition')) {\n    cy.get('.custom-control-label').click();\n    cy.contains('button', 'Continue').click();\n    cy.contains('With Our Specialist Today').should('be.visible');\n  } else {\n    cy.contains('With Our Specialist Today').should('be.visible');\n  }\n});","err":{},"uuid":"fdf62a41-bc9a-4703-a1b2-c730f9dd6587","parentUUID":"2037c741-a1a0-49f5-851d-97f26d3e7bb7","isHook":false,"skipped":false},{"title":"Login with incorrect Saudi Id","fullTitle":"Login through Saudi Id Login with incorrect Saudi Id","timedOut":null,"duration":47807,"state":"passed","speed":"slow","pass":true,"fail":false,"pending":false,"context":"[\n    {\n        \"title\": \"Spec video recording\",\n        \"value\": \"videos/login_with_saudi.cy.js.mp4\"\n    }\n]","code":"_login.default.loginWithIncorrectSaudiId();","err":{},"uuid":"0737fb56-45d0-4ebb-bb67-b0b24ef3114f","parentUUID":"2037c741-a1a0-49f5-851d-97f26d3e7bb7","isHook":false,"skipped":false}],"suites":[],"passes":["fdf62a41-bc9a-4703-a1b2-c730f9dd6587","0737fb56-45d0-4ebb-bb67-b0b24ef3114f"],"failures":[],"pending":[],"skipped":[],"duration":106662,"root":false,"rootEmpty":false,"_timeout":2000}],"passes":[],"failures":[],"pending":[],"skipped":[],"duration":0,"root":true,"rootEmpty":true,"_timeout":2000},{"uuid":"2bb9a5da-0eb3-4d1b-bd07-40943d2b3cf0","title":"","fullFile":"cypress\\e2e\\Login\\login_with_iqama.cy.js","file":"cypress\\e2e\\Login\\login_with_iqama.cy.js","beforeHooks":[],"afterHooks":[],"tests":[],"suites":[{"uuid":"9863bb2e-4af4-4ac5-be34-5cb582cd6a2e","title":"Login through Iqama Id","fullFile":"cypress\\e2e\\Login\\login_with_iqama.cy.js","file":"cypress\\e2e\\Login\\login_with_iqama.cy.js","beforeHooks":[],"afterHooks":[],"tests":[{"title":"Login with correct Iqama Id","fullTitle":"Login through Iqama Id Login with correct Iqama Id","timedOut":null,"duration":64103,"state":"passed","speed":"slow","pass":true,"fail":false,"pending":false,"context":"[\n    {\n        \"title\": \"Spec video recording\",\n        \"value\": \"videos/login_with_iqama.cy.js.mp4\"\n    }\n]","code":"_login.default.loginWithIqamaId();","err":{},"uuid":"a2497a62-c92d-4f18-8b02-80104f170d92","parentUUID":"9863bb2e-4af4-4ac5-be34-5cb582cd6a2e","isHook":false,"skipped":false},{"title":"Login with incorrect Iqama Id","fullTitle":"Login through Iqama Id Login with incorrect Iqama Id","timedOut":null,"duration":53773,"state":"passed","speed":"slow","pass":true,"fail":false,"pending":false,"context":"[\n    {\n        \"title\": \"Spec video recording\",\n        \"value\": \"videos/login_with_iqama.cy.js.mp4\"\n    }\n]","code":"_login.default.loginWithIncorrectIqamaId();","err":{},"uuid":"147634c1-cb17-4788-afe8-cc17f7f73536","parentUUID":"9863bb2e-4af4-4ac5-be34-5cb582cd6a2e","isHook":false,"skipped":false}],"suites":[],"passes":["a2497a62-c92d-4f18-8b02-80104f170d92","147634c1-cb17-4788-afe8-cc17f7f73536"],"failures":[],"pending":[],"skipped":[],"duration":117876,"root":false,"rootEmpty":false,"_timeout":2000}],"passes":[],"failures":[],"pending":[],"skipped":[],"duration":0,"root":true,"rootEmpty":true,"_timeout":2000}],"meta":{"mocha":{"version":"7.0.1"},"mochawesome":{"options":{"quiet":false,"reportFilename":"mochawesome","saveHtml":false,"saveJson":true,"consoleReporter":"spec","useInlineDiffs":false,"code":true},"version":"7.1.3"},"marge":{"options":{"charts":true,"reportPageTitle":"custom-title","embeddedScreenshots":true,"inlineAssets":true,"saveAllAttempts":false,"debug":true,"overwrite":false,"html":false,"json":true,"reportDir":"cypress\\reports\\html\\.jsons"},"version":"6.2.0"}}}
Create HTML report
HTML result: ["C:\\Users\\shoukatshah\\AlMoosa\\cypress\\reports\\html\\index.html",null]
HTML report successfully created!
C:\Users\shoukatshah\AlMoosa\cypress\reports\html\index.html
done
